# Logfile created on 2014-09-22 14:04:32 -0400 by logger.rb/44203
I, [2014-09-22T14:04:32.779518 #19609]  INFO -- : 0:  columnize (0.8.9) from /usr/local/rvm/gems/ruby-2.1.0/specifications/columnize-0.8.9.gemspec
I, [2014-09-22T14:04:32.780985 #19609]  INFO -- : 0:  debugger-linecache (1.2.0) from /usr/local/rvm/gems/ruby-2.1.0/specifications/debugger-linecache-1.2.0.gemspec
I, [2014-09-22T14:04:41.067384 #19609]  INFO -- : 0:  byebug (3.2.0) from /usr/local/rvm/gems/ruby-2.1.0/specifications/byebug-3.2.0.gemspec
E, [2014-09-22T14:04:48.417754 #19609] ERROR -- : Gem::Ext::BuildError: ERROR: Failed to build gem native extension.

    /usr/local/rvm/rubies/ruby-2.1.0/bin/ruby extconf.rb 
checking for Ruby version >= 1.8.5... yes
checking for gcc... yes
checking for Magick-config... no
Can't install RMagick 0.0.0. Can't find Magick-config in /usr/local/rvm/gems/ruby-2.1.0/bin:/usr/local/rvm/gems/ruby-2.1.0@global/bin:/usr/local/rvm/rubies/ruby-2.1.0/bin:/usr/local/sbin:/usr/local/bin:/usr/sbin:/usr/bin:/sbin:/bin:/usr/games:/usr/local/games:/usr/local/rvm/bin

*** extconf.rb failed ***
Could not create Makefile due to some reason, probably lack of necessary
libraries and/or headers.  Check the mkmf.log file for more details.  You may
need configuration options.

Provided configuration options:
	--with-opt-dir
	--without-opt-dir
	--with-opt-include
	--without-opt-include=${opt-dir}/include
	--with-opt-lib
	--without-opt-lib=${opt-dir}/lib
	--with-make-prog
	--without-make-prog
	--srcdir=.
	--curdir
	--ruby=/usr/local/rvm/rubies/ruby-2.1.0/bin/ruby

extconf failed, exit code 1

Gem files will remain installed in /usr/local/rvm/gems/ruby-2.1.0/gems/rmagick-2.13.3 for inspection.
Results logged to /usr/local/rvm/gems/ruby-2.1.0/extensions/x86_64-linux/2.1.0/rmagick-2.13.3/gem_make.out

/usr/local/rvm/rubies/ruby-2.1.0/lib/ruby/site_ruby/2.1.0/rubygems/ext/builder.rb:89:in `run'  \n/usr/local/rvm/rubies/ruby-2.1.0/lib/ruby/site_ruby/2.1.0/rubygems/ext/ext_conf_builder.rb:37:in `block in build'  \n/usr/local/rvm/rubies/ruby-2.1.0/lib/ruby/2.1.0/tempfile.rb:324:in `open'  \n/usr/local/rvm/rubies/ruby-2.1.0/lib/ruby/site_ruby/2.1.0/rubygems/ext/ext_conf_builder.rb:17:in `build'  \n/usr/local/rvm/rubies/ruby-2.1.0/lib/ruby/site_ruby/2.1.0/rubygems/ext/builder.rb:161:in `block (2 levels) in build_extension'  \n/usr/local/rvm/rubies/ruby-2.1.0/lib/ruby/site_ruby/2.1.0/rubygems/ext/builder.rb:160:in `chdir'  \n/usr/local/rvm/rubies/ruby-2.1.0/lib/ruby/site_ruby/2.1.0/rubygems/ext/builder.rb:160:in `block in build_extension'  \n/usr/local/rvm/rubies/ruby-2.1.0/lib/ruby/site_ruby/2.1.0/rubygems/ext/builder.rb:159:in `synchronize'  \n/usr/local/rvm/rubies/ruby-2.1.0/lib/ruby/site_ruby/2.1.0/rubygems/ext/builder.rb:159:in `build_extension'  \n/usr/local/rvm/rubies/ruby-2.1.0/lib/ruby/site_ruby/2.1.0/rubygems/ext/builder.rb:198:in `block in build_extensions'  \n/usr/local/rvm/rubies/ruby-2.1.0/lib/ruby/site_ruby/2.1.0/rubygems/ext/builder.rb:195:in `each'  \n/usr/local/rvm/rubies/ruby-2.1.0/lib/ruby/site_ruby/2.1.0/rubygems/ext/builder.rb:195:in `build_extensions'  \n/usr/local/rvm/rubies/ruby-2.1.0/lib/ruby/site_ruby/2.1.0/rubygems/installer.rb:677:in `build_extensions'  \n/usr/local/rvm/rubies/ruby-2.1.0/lib/ruby/site_ruby/2.1.0/rubygems/installer.rb:232:in `install'  \n/usr/local/rvm/gems/ruby-2.1.0@global/gems/bundler-1.5.1/lib/bundler/source/rubygems.rb:101:in `block in install'  \n/usr/local/rvm/gems/ruby-2.1.0@global/gems/bundler-1.5.1/lib/bundler/rubygems_integration.rb:118:in `preserve_paths'  \n/usr/local/rvm/gems/ruby-2.1.0@global/gems/bundler-1.5.1/lib/bundler/source/rubygems.rb:94:in `install'  \n/usr/local/rvm/gems/ruby-2.1.0@global/gems/bundler-1.5.1/lib/bundler/installer.rb:111:in `block in install_gem_from_spec'  \n/usr/local/rvm/gems/ruby-2.1.0@global/gems/bundler-1.5.1/lib/bundler/rubygems_integration.rb:150:in `with_build_args'  \n/usr/local/rvm/gems/ruby-2.1.0@global/gems/bundler-1.5.1/lib/bundler/installer.rb:110:in `install_gem_from_spec'  \n/usr/local/rvm/gems/ruby-2.1.0@global/gems/bundler-1.5.1/lib/bundler/installer.rb:295:in `block in install_sequentially'  \n/usr/local/rvm/rubies/ruby-2.1.0/lib/ruby/2.1.0/forwardable.rb:183:in `each'  \n/usr/local/rvm/rubies/ruby-2.1.0/lib/ruby/2.1.0/forwardable.rb:183:in `each'  \n/usr/local/rvm/gems/ruby-2.1.0@global/gems/bundler-1.5.1/lib/bundler/installer.rb:294:in `install_sequentially'  \n/usr/local/rvm/gems/ruby-2.1.0@global/gems/bundler-1.5.1/lib/bundler/installer.rb:97:in `run'  \n/usr/local/rvm/gems/ruby-2.1.0@global/gems/bundler-1.5.1/lib/bundler/installer.rb:15:in `install'  \n/usr/local/rvm/gems/ruby-2.1.0@global/gems/bundler-1.5.1/lib/bundler/cli.rb:257:in `install'  \n/usr/local/rvm/gems/ruby-2.1.0@global/gems/bundler-1.5.1/lib/bundler/vendor/thor/command.rb:27:in `run'  \n/usr/local/rvm/gems/ruby-2.1.0@global/gems/bundler-1.5.1/lib/bundler/vendor/thor/invocation.rb:120:in `invoke_command'  \n/usr/local/rvm/gems/ruby-2.1.0@global/gems/bundler-1.5.1/lib/bundler/vendor/thor.rb:363:in `dispatch'  \n/usr/local/rvm/gems/ruby-2.1.0@global/gems/bundler-1.5.1/lib/bundler/vendor/thor/base.rb:438:in `start'  \n/usr/local/rvm/gems/ruby-2.1.0@global/gems/bundler-1.5.1/lib/bundler/cli.rb:10:in `start'  \n/usr/local/rvm/gems/ruby-2.1.0@global/gems/bundler-1.5.1/bin/bundle:22:in `block in <top (required)>'  \n/usr/local/rvm/gems/ruby-2.1.0@global/gems/bundler-1.5.1/lib/bundler/friendly_errors.rb:5:in `with_friendly_errors'  \n/usr/local/rvm/gems/ruby-2.1.0@global/gems/bundler-1.5.1/bin/bundle:22:in `<top (required)>'  \n/usr/local/rvm/gems/ruby-2.1.0@global/bin/bundle:23:in `load'  \n/usr/local/rvm/gems/ruby-2.1.0@global/bin/bundle:23:in `<main>'  \n/usr/local/rvm/gems/ruby-2.1.0/bin/ruby_executable_hooks:15:in `eval'  \n/usr/local/rvm/gems/ruby-2.1.0/bin/ruby_executable_hooks:15:in `<main>'
I, [2014-09-26T13:06:15.244577 #27501]  INFO -- : 0:  columnize (0.8.9) from /usr/local/rvm/gems/ruby-2.1.0/specifications/columnize-0.8.9.gemspec
I, [2014-09-26T13:06:15.245444 #27501]  INFO -- : 0:  debugger-linecache (1.2.0) from /usr/local/rvm/gems/ruby-2.1.0/specifications/debugger-linecache-1.2.0.gemspec
I, [2014-09-26T13:06:15.245914 #27501]  INFO -- : 0:  byebug (3.2.0) from /usr/local/rvm/gems/ruby-2.1.0/specifications/byebug-3.2.0.gemspec
E, [2014-09-26T13:06:16.395339 #27501] ERROR -- : Gem::Ext::BuildError: ERROR: Failed to build gem native extension.

    /usr/local/rvm/rubies/ruby-2.1.0/bin/ruby extconf.rb 
checking for Ruby version >= 1.8.5... yes
checking for gcc... yes
checking for Magick-config... yes
checking for ImageMagick version >= 6.4.9... yes
checking for stdint.h... yes
checking for sys/types.h... yes
checking for wand/MagickWand.h... no

Can't install RMagick 0.0.0. Can't find MagickWand.h.
*** extconf.rb failed ***
Could not create Makefile due to some reason, probably lack of necessary
libraries and/or headers.  Check the mkmf.log file for more details.  You may
need configuration options.

Provided configuration options:
	--with-opt-dir
	--without-opt-dir
	--with-opt-include
	--without-opt-include=${opt-dir}/include
	--with-opt-lib
	--without-opt-lib=${opt-dir}/lib
	--with-make-prog
	--without-make-prog
	--srcdir=.
	--curdir
	--ruby=/usr/local/rvm/rubies/ruby-2.1.0/bin/ruby

extconf failed, exit code 1

Gem files will remain installed in /usr/local/rvm/gems/ruby-2.1.0/gems/rmagick-2.13.3 for inspection.
Results logged to /usr/local/rvm/gems/ruby-2.1.0/extensions/x86_64-linux/2.1.0/rmagick-2.13.3/gem_make.out

/usr/local/rvm/rubies/ruby-2.1.0/lib/ruby/site_ruby/2.1.0/rubygems/ext/builder.rb:89:in `run'  \n/usr/local/rvm/rubies/ruby-2.1.0/lib/ruby/site_ruby/2.1.0/rubygems/ext/ext_conf_builder.rb:37:in `block in build'  \n/usr/local/rvm/rubies/ruby-2.1.0/lib/ruby/2.1.0/tempfile.rb:324:in `open'  \n/usr/local/rvm/rubies/ruby-2.1.0/lib/ruby/site_ruby/2.1.0/rubygems/ext/ext_conf_builder.rb:17:in `build'  \n/usr/local/rvm/rubies/ruby-2.1.0/lib/ruby/site_ruby/2.1.0/rubygems/ext/builder.rb:161:in `block (2 levels) in build_extension'  \n/usr/local/rvm/rubies/ruby-2.1.0/lib/ruby/site_ruby/2.1.0/rubygems/ext/builder.rb:160:in `chdir'  \n/usr/local/rvm/rubies/ruby-2.1.0/lib/ruby/site_ruby/2.1.0/rubygems/ext/builder.rb:160:in `block in build_extension'  \n/usr/local/rvm/rubies/ruby-2.1.0/lib/ruby/site_ruby/2.1.0/rubygems/ext/builder.rb:159:in `synchronize'  \n/usr/local/rvm/rubies/ruby-2.1.0/lib/ruby/site_ruby/2.1.0/rubygems/ext/builder.rb:159:in `build_extension'  \n/usr/local/rvm/rubies/ruby-2.1.0/lib/ruby/site_ruby/2.1.0/rubygems/ext/builder.rb:198:in `block in build_extensions'  \n/usr/local/rvm/rubies/ruby-2.1.0/lib/ruby/site_ruby/2.1.0/rubygems/ext/builder.rb:195:in `each'  \n/usr/local/rvm/rubies/ruby-2.1.0/lib/ruby/site_ruby/2.1.0/rubygems/ext/builder.rb:195:in `build_extensions'  \n/usr/local/rvm/rubies/ruby-2.1.0/lib/ruby/site_ruby/2.1.0/rubygems/installer.rb:677:in `build_extensions'  \n/usr/local/rvm/rubies/ruby-2.1.0/lib/ruby/site_ruby/2.1.0/rubygems/installer.rb:232:in `install'  \n/usr/local/rvm/gems/ruby-2.1.0@global/gems/bundler-1.5.1/lib/bundler/source/rubygems.rb:101:in `block in install'  \n/usr/local/rvm/gems/ruby-2.1.0@global/gems/bundler-1.5.1/lib/bundler/rubygems_integration.rb:118:in `preserve_paths'  \n/usr/local/rvm/gems/ruby-2.1.0@global/gems/bundler-1.5.1/lib/bundler/source/rubygems.rb:94:in `install'  \n/usr/local/rvm/gems/ruby-2.1.0@global/gems/bundler-1.5.1/lib/bundler/installer.rb:111:in `block in install_gem_from_spec'  \n/usr/local/rvm/gems/ruby-2.1.0@global/gems/bundler-1.5.1/lib/bundler/rubygems_integration.rb:150:in `with_build_args'  \n/usr/local/rvm/gems/ruby-2.1.0@global/gems/bundler-1.5.1/lib/bundler/installer.rb:110:in `install_gem_from_spec'  \n/usr/local/rvm/gems/ruby-2.1.0@global/gems/bundler-1.5.1/lib/bundler/installer.rb:295:in `block in install_sequentially'  \n/usr/local/rvm/rubies/ruby-2.1.0/lib/ruby/2.1.0/forwardable.rb:183:in `each'  \n/usr/local/rvm/rubies/ruby-2.1.0/lib/ruby/2.1.0/forwardable.rb:183:in `each'  \n/usr/local/rvm/gems/ruby-2.1.0@global/gems/bundler-1.5.1/lib/bundler/installer.rb:294:in `install_sequentially'  \n/usr/local/rvm/gems/ruby-2.1.0@global/gems/bundler-1.5.1/lib/bundler/installer.rb:97:in `run'  \n/usr/local/rvm/gems/ruby-2.1.0@global/gems/bundler-1.5.1/lib/bundler/installer.rb:15:in `install'  \n/usr/local/rvm/gems/ruby-2.1.0@global/gems/bundler-1.5.1/lib/bundler/cli.rb:257:in `install'  \n/usr/local/rvm/gems/ruby-2.1.0@global/gems/bundler-1.5.1/lib/bundler/vendor/thor/command.rb:27:in `run'  \n/usr/local/rvm/gems/ruby-2.1.0@global/gems/bundler-1.5.1/lib/bundler/vendor/thor/invocation.rb:120:in `invoke_command'  \n/usr/local/rvm/gems/ruby-2.1.0@global/gems/bundler-1.5.1/lib/bundler/vendor/thor.rb:363:in `dispatch'  \n/usr/local/rvm/gems/ruby-2.1.0@global/gems/bundler-1.5.1/lib/bundler/vendor/thor/base.rb:438:in `start'  \n/usr/local/rvm/gems/ruby-2.1.0@global/gems/bundler-1.5.1/lib/bundler/cli.rb:10:in `start'  \n/usr/local/rvm/gems/ruby-2.1.0@global/gems/bundler-1.5.1/bin/bundle:22:in `block in <top (required)>'  \n/usr/local/rvm/gems/ruby-2.1.0@global/gems/bundler-1.5.1/lib/bundler/friendly_errors.rb:5:in `with_friendly_errors'  \n/usr/local/rvm/gems/ruby-2.1.0@global/gems/bundler-1.5.1/bin/bundle:22:in `<top (required)>'  \n/usr/local/rvm/gems/ruby-2.1.0@global/bin/bundle:23:in `load'  \n/usr/local/rvm/gems/ruby-2.1.0@global/bin/bundle:23:in `<main>'  \n/usr/local/rvm/gems/ruby-2.1.0/bin/ruby_executable_hooks:15:in `eval'  \n/usr/local/rvm/gems/ruby-2.1.0/bin/ruby_executable_hooks:15:in `<main>'
I, [2014-09-26T13:09:59.225262 #27650]  INFO -- : 0:  columnize (0.8.9) from /usr/local/rvm/gems/ruby-2.1.0/specifications/columnize-0.8.9.gemspec
I, [2014-09-26T13:09:59.241801 #27650]  INFO -- : 0:  debugger-linecache (1.2.0) from /usr/local/rvm/gems/ruby-2.1.0/specifications/debugger-linecache-1.2.0.gemspec
I, [2014-09-26T13:09:59.242908 #27650]  INFO -- : 0:  byebug (3.2.0) from /usr/local/rvm/gems/ruby-2.1.0/specifications/byebug-3.2.0.gemspec
E, [2014-09-26T13:10:01.614967 #27650] ERROR -- : Gem::Ext::BuildError: ERROR: Failed to build gem native extension.

    /usr/local/rvm/rubies/ruby-2.1.0/bin/ruby extconf.rb 
checking for Ruby version >= 1.8.5... yes
checking for gcc... yes
checking for Magick-config... yes
checking for ImageMagick version >= 6.4.9... yes
checking for stdint.h... yes
checking for sys/types.h... yes
checking for wand/MagickWand.h... no

Can't install RMagick 0.0.0. Can't find MagickWand.h.
*** extconf.rb failed ***
Could not create Makefile due to some reason, probably lack of necessary
libraries and/or headers.  Check the mkmf.log file for more details.  You may
need configuration options.

Provided configuration options:
	--with-opt-dir
	--without-opt-dir
	--with-opt-include
	--without-opt-include=${opt-dir}/include
	--with-opt-lib
	--without-opt-lib=${opt-dir}/lib
	--with-make-prog
	--without-make-prog
	--srcdir=.
	--curdir
	--ruby=/usr/local/rvm/rubies/ruby-2.1.0/bin/ruby

extconf failed, exit code 1

Gem files will remain installed in /usr/local/rvm/gems/ruby-2.1.0/gems/rmagick-2.13.3 for inspection.
Results logged to /usr/local/rvm/gems/ruby-2.1.0/extensions/x86_64-linux/2.1.0/rmagick-2.13.3/gem_make.out

/usr/local/rvm/rubies/ruby-2.1.0/lib/ruby/site_ruby/2.1.0/rubygems/ext/builder.rb:89:in `run'  \n/usr/local/rvm/rubies/ruby-2.1.0/lib/ruby/site_ruby/2.1.0/rubygems/ext/ext_conf_builder.rb:37:in `block in build'  \n/usr/local/rvm/rubies/ruby-2.1.0/lib/ruby/2.1.0/tempfile.rb:324:in `open'  \n/usr/local/rvm/rubies/ruby-2.1.0/lib/ruby/site_ruby/2.1.0/rubygems/ext/ext_conf_builder.rb:17:in `build'  \n/usr/local/rvm/rubies/ruby-2.1.0/lib/ruby/site_ruby/2.1.0/rubygems/ext/builder.rb:161:in `block (2 levels) in build_extension'  \n/usr/local/rvm/rubies/ruby-2.1.0/lib/ruby/site_ruby/2.1.0/rubygems/ext/builder.rb:160:in `chdir'  \n/usr/local/rvm/rubies/ruby-2.1.0/lib/ruby/site_ruby/2.1.0/rubygems/ext/builder.rb:160:in `block in build_extension'  \n/usr/local/rvm/rubies/ruby-2.1.0/lib/ruby/site_ruby/2.1.0/rubygems/ext/builder.rb:159:in `synchronize'  \n/usr/local/rvm/rubies/ruby-2.1.0/lib/ruby/site_ruby/2.1.0/rubygems/ext/builder.rb:159:in `build_extension'  \n/usr/local/rvm/rubies/ruby-2.1.0/lib/ruby/site_ruby/2.1.0/rubygems/ext/builder.rb:198:in `block in build_extensions'  \n/usr/local/rvm/rubies/ruby-2.1.0/lib/ruby/site_ruby/2.1.0/rubygems/ext/builder.rb:195:in `each'  \n/usr/local/rvm/rubies/ruby-2.1.0/lib/ruby/site_ruby/2.1.0/rubygems/ext/builder.rb:195:in `build_extensions'  \n/usr/local/rvm/rubies/ruby-2.1.0/lib/ruby/site_ruby/2.1.0/rubygems/installer.rb:677:in `build_extensions'  \n/usr/local/rvm/rubies/ruby-2.1.0/lib/ruby/site_ruby/2.1.0/rubygems/installer.rb:232:in `install'  \n/usr/local/rvm/gems/ruby-2.1.0@global/gems/bundler-1.5.1/lib/bundler/source/rubygems.rb:101:in `block in install'  \n/usr/local/rvm/gems/ruby-2.1.0@global/gems/bundler-1.5.1/lib/bundler/rubygems_integration.rb:118:in `preserve_paths'  \n/usr/local/rvm/gems/ruby-2.1.0@global/gems/bundler-1.5.1/lib/bundler/source/rubygems.rb:94:in `install'  \n/usr/local/rvm/gems/ruby-2.1.0@global/gems/bundler-1.5.1/lib/bundler/installer.rb:111:in `block in install_gem_from_spec'  \n/usr/local/rvm/gems/ruby-2.1.0@global/gems/bundler-1.5.1/lib/bundler/rubygems_integration.rb:150:in `with_build_args'  \n/usr/local/rvm/gems/ruby-2.1.0@global/gems/bundler-1.5.1/lib/bundler/installer.rb:110:in `install_gem_from_spec'  \n/usr/local/rvm/gems/ruby-2.1.0@global/gems/bundler-1.5.1/lib/bundler/installer.rb:295:in `block in install_sequentially'  \n/usr/local/rvm/rubies/ruby-2.1.0/lib/ruby/2.1.0/forwardable.rb:183:in `each'  \n/usr/local/rvm/rubies/ruby-2.1.0/lib/ruby/2.1.0/forwardable.rb:183:in `each'  \n/usr/local/rvm/gems/ruby-2.1.0@global/gems/bundler-1.5.1/lib/bundler/installer.rb:294:in `install_sequentially'  \n/usr/local/rvm/gems/ruby-2.1.0@global/gems/bundler-1.5.1/lib/bundler/installer.rb:97:in `run'  \n/usr/local/rvm/gems/ruby-2.1.0@global/gems/bundler-1.5.1/lib/bundler/installer.rb:15:in `install'  \n/usr/local/rvm/gems/ruby-2.1.0@global/gems/bundler-1.5.1/lib/bundler/cli.rb:257:in `install'  \n/usr/local/rvm/gems/ruby-2.1.0@global/gems/bundler-1.5.1/lib/bundler/vendor/thor/command.rb:27:in `run'  \n/usr/local/rvm/gems/ruby-2.1.0@global/gems/bundler-1.5.1/lib/bundler/vendor/thor/invocation.rb:120:in `invoke_command'  \n/usr/local/rvm/gems/ruby-2.1.0@global/gems/bundler-1.5.1/lib/bundler/vendor/thor.rb:363:in `dispatch'  \n/usr/local/rvm/gems/ruby-2.1.0@global/gems/bundler-1.5.1/lib/bundler/vendor/thor/base.rb:438:in `start'  \n/usr/local/rvm/gems/ruby-2.1.0@global/gems/bundler-1.5.1/lib/bundler/cli.rb:10:in `start'  \n/usr/local/rvm/gems/ruby-2.1.0@global/gems/bundler-1.5.1/bin/bundle:22:in `block in <top (required)>'  \n/usr/local/rvm/gems/ruby-2.1.0@global/gems/bundler-1.5.1/lib/bundler/friendly_errors.rb:5:in `with_friendly_errors'  \n/usr/local/rvm/gems/ruby-2.1.0@global/gems/bundler-1.5.1/bin/bundle:22:in `<top (required)>'  \n/usr/local/rvm/gems/ruby-2.1.0@global/bin/bundle:23:in `load'  \n/usr/local/rvm/gems/ruby-2.1.0@global/bin/bundle:23:in `<main>'  \n/usr/local/rvm/gems/ruby-2.1.0/bin/ruby_executable_hooks:15:in `eval'  \n/usr/local/rvm/gems/ruby-2.1.0/bin/ruby_executable_hooks:15:in `<main>'
I, [2014-09-26T13:11:04.682083 #27729]  INFO -- : 0:  columnize (0.8.9) from /usr/local/rvm/gems/ruby-2.1.0/specifications/columnize-0.8.9.gemspec
I, [2014-09-26T13:11:04.682862 #27729]  INFO -- : 0:  debugger-linecache (1.2.0) from /usr/local/rvm/gems/ruby-2.1.0/specifications/debugger-linecache-1.2.0.gemspec
I, [2014-09-26T13:11:05.354875 #27729]  INFO -- : 0:  slop (3.6.0) from /usr/local/rvm/gems/ruby-2.1.0/specifications/slop-3.6.0.gemspec
I, [2014-09-26T13:11:09.116187 #27729]  INFO -- : 0:  byebug (3.4.2) from /usr/local/rvm/gems/ruby-2.1.0/specifications/byebug-3.4.2.gemspec
I, [2014-09-26T13:11:09.256037 #27729]  INFO -- : 0:  latex_to_png (0.0.1) from /usr/local/rvm/gems/ruby-2.1.0/bundler/gems/latex_to_png-824a9cddcfff/latex_to_png.gemspec
I, [2014-09-26T13:11:09.256771 #27729]  INFO -- : 0:  rack (1.5.2) from /usr/local/rvm/gems/ruby-2.1.0/specifications/rack-1.5.2.gemspec
I, [2014-09-26T13:11:09.257265 #27729]  INFO -- : 0:  bundler (1.5.1) from /usr/local/rvm/gems/ruby-2.1.0@global/specifications/bundler-1.5.1.gemspec
I, [2014-09-26T13:19:18.148644 #8494]  INFO -- : 0:  columnize (0.8.9) from /usr/local/rvm/gems/ruby-2.1.0/specifications/columnize-0.8.9.gemspec
I, [2014-09-26T13:19:18.150099 #8494]  INFO -- : 0:  debugger-linecache (1.2.0) from /usr/local/rvm/gems/ruby-2.1.0/specifications/debugger-linecache-1.2.0.gemspec
I, [2014-09-26T13:19:18.151032 #8494]  INFO -- : 0:  slop (3.6.0) from /usr/local/rvm/gems/ruby-2.1.0/specifications/slop-3.6.0.gemspec
I, [2014-09-26T13:19:18.151843 #8494]  INFO -- : 0:  byebug (3.4.2) from /usr/local/rvm/gems/ruby-2.1.0/specifications/byebug-3.4.2.gemspec
I, [2014-09-26T13:19:18.477202 #8494]  INFO -- : 0:  latex_to_png (0.0.1) from /usr/local/rvm/gems/ruby-2.1.0/bundler/gems/latex_to_png-824a9cddcfff/latex_to_png.gemspec
I, [2014-09-26T13:19:18.478553 #8494]  INFO -- : 0:  rack (1.5.2) from /usr/local/rvm/gems/ruby-2.1.0/specifications/rack-1.5.2.gemspec
I, [2014-09-26T13:19:18.479801 #8494]  INFO -- : 0:  bundler (1.5.1) from /usr/local/rvm/gems/ruby-2.1.0@global/specifications/bundler-1.5.1.gemspec
I, [2014-09-26T13:25:39.086949 #9233]  INFO -- : 0:  columnize (0.8.9) from /usr/local/rvm/gems/ruby-2.1.0/specifications/columnize-0.8.9.gemspec
I, [2014-09-26T13:25:39.087912 #9233]  INFO -- : 0:  debugger-linecache (1.2.0) from /usr/local/rvm/gems/ruby-2.1.0/specifications/debugger-linecache-1.2.0.gemspec
I, [2014-09-26T13:25:39.088736 #9233]  INFO -- : 0:  slop (3.6.0) from /usr/local/rvm/gems/ruby-2.1.0/specifications/slop-3.6.0.gemspec
I, [2014-09-26T13:25:39.089549 #9233]  INFO -- : 0:  byebug (3.4.2) from /usr/local/rvm/gems/ruby-2.1.0/specifications/byebug-3.4.2.gemspec
I, [2014-09-26T13:25:39.283209 #9233]  INFO -- : 0:  latex_to_png (0.0.1) from /usr/local/rvm/gems/ruby-2.1.0/bundler/gems/latex_to_png-824a9cddcfff/latex_to_png.gemspec
I, [2014-09-26T13:25:39.283866 #9233]  INFO -- : 0:  rack (1.5.2) from /usr/local/rvm/gems/ruby-2.1.0/specifications/rack-1.5.2.gemspec
I, [2014-09-26T13:25:39.284323 #9233]  INFO -- : 0:  bundler (1.5.1) from /usr/local/rvm/gems/ruby-2.1.0@global/specifications/bundler-1.5.1.gemspec
I, [2014-09-26T13:26:46.713476 #9287]  INFO -- : 0:  columnize (0.8.9) from /usr/local/rvm/gems/ruby-2.1.0/specifications/columnize-0.8.9.gemspec
I, [2014-09-26T13:26:46.714099 #9287]  INFO -- : 0:  debugger-linecache (1.2.0) from /usr/local/rvm/gems/ruby-2.1.0/specifications/debugger-linecache-1.2.0.gemspec
I, [2014-09-26T13:26:46.714526 #9287]  INFO -- : 0:  slop (3.6.0) from /usr/local/rvm/gems/ruby-2.1.0/specifications/slop-3.6.0.gemspec
I, [2014-09-26T13:26:46.715016 #9287]  INFO -- : 0:  byebug (3.4.2) from /usr/local/rvm/gems/ruby-2.1.0/specifications/byebug-3.4.2.gemspec
I, [2014-09-26T13:26:46.843712 #9287]  INFO -- : 0:  latex_to_png (0.0.1) from /usr/local/rvm/gems/ruby-2.1.0/bundler/gems/latex_to_png-824a9cddcfff/latex_to_png.gemspec
I, [2014-09-26T13:26:46.844270 #9287]  INFO -- : 0:  rack (1.5.2) from /usr/local/rvm/gems/ruby-2.1.0/specifications/rack-1.5.2.gemspec
I, [2014-09-26T13:26:46.844698 #9287]  INFO -- : 0:  bundler (1.5.1) from /usr/local/rvm/gems/ruby-2.1.0@global/specifications/bundler-1.5.1.gemspec
I, [2014-09-26T13:31:31.132495 #9597]  INFO -- : 0:  columnize (0.8.9) from /usr/local/rvm/gems/ruby-2.1.0/specifications/columnize-0.8.9.gemspec
I, [2014-09-26T13:31:31.133824 #9597]  INFO -- : 0:  debugger-linecache (1.2.0) from /usr/local/rvm/gems/ruby-2.1.0/specifications/debugger-linecache-1.2.0.gemspec
I, [2014-09-26T13:31:31.134929 #9597]  INFO -- : 0:  slop (3.6.0) from /usr/local/rvm/gems/ruby-2.1.0/specifications/slop-3.6.0.gemspec
I, [2014-09-26T13:31:31.136063 #9597]  INFO -- : 0:  byebug (3.4.2) from /usr/local/rvm/gems/ruby-2.1.0/specifications/byebug-3.4.2.gemspec
I, [2014-09-26T13:31:31.488089 #9597]  INFO -- : 0:  latex_to_png (0.0.1) from /usr/local/rvm/gems/ruby-2.1.0/bundler/gems/latex_to_png-824a9cddcfff/latex_to_png.gemspec
I, [2014-09-26T13:31:31.489418 #9597]  INFO -- : 0:  rack (1.5.2) from /usr/local/rvm/gems/ruby-2.1.0/specifications/rack-1.5.2.gemspec
I, [2014-09-26T13:31:31.490262 #9597]  INFO -- : 0:  bundler (1.5.1) from /usr/local/rvm/gems/ruby-2.1.0@global/specifications/bundler-1.5.1.gemspec
I, [2014-09-26T13:32:48.643095 #9675]  INFO -- : 0:  columnize (0.8.9) from /usr/local/rvm/gems/ruby-2.1.0/specifications/columnize-0.8.9.gemspec
I, [2014-09-26T13:32:48.643758 #9675]  INFO -- : 0:  debugger-linecache (1.2.0) from /usr/local/rvm/gems/ruby-2.1.0/specifications/debugger-linecache-1.2.0.gemspec
I, [2014-09-26T13:32:48.644224 #9675]  INFO -- : 0:  slop (3.6.0) from /usr/local/rvm/gems/ruby-2.1.0/specifications/slop-3.6.0.gemspec
I, [2014-09-26T13:32:48.644740 #9675]  INFO -- : 0:  byebug (3.4.2) from /usr/local/rvm/gems/ruby-2.1.0/specifications/byebug-3.4.2.gemspec
I, [2014-09-26T13:32:48.645149 #9675]  INFO -- : 0:  latex_to_png (0.0.1) from /usr/local/rvm/gems/ruby-2.1.0/specifications/latex_to_png-0.0.1.gemspec
I, [2014-09-26T13:32:48.645602 #9675]  INFO -- : 0:  rack (1.5.2) from /usr/local/rvm/gems/ruby-2.1.0/specifications/rack-1.5.2.gemspec
I, [2014-09-26T13:32:48.645984 #9675]  INFO -- : 0:  bundler (1.5.1) from /usr/local/rvm/gems/ruby-2.1.0@global/specifications/bundler-1.5.1.gemspec
I, [2014-09-26T13:41:06.571835 #10028]  INFO -- : 0:  columnize (0.8.9) from /usr/local/rvm/gems/ruby-2.1.0/specifications/columnize-0.8.9.gemspec
I, [2014-09-26T13:41:06.573023 #10028]  INFO -- : 0:  debugger-linecache (1.2.0) from /usr/local/rvm/gems/ruby-2.1.0/specifications/debugger-linecache-1.2.0.gemspec
I, [2014-09-26T13:41:06.573902 #10028]  INFO -- : 0:  slop (3.6.0) from /usr/local/rvm/gems/ruby-2.1.0/specifications/slop-3.6.0.gemspec
I, [2014-09-26T13:41:06.574815 #10028]  INFO -- : 0:  byebug (3.4.2) from /usr/local/rvm/gems/ruby-2.1.0/specifications/byebug-3.4.2.gemspec
I, [2014-09-26T13:41:06.926096 #10028]  INFO -- : 0:  latex_to_png (0.0.1) from /var/www/latex_to_png/latex_to_png.gemspec
I, [2014-09-26T13:41:06.927497 #10028]  INFO -- : 0:  rack (1.5.2) from /usr/local/rvm/gems/ruby-2.1.0/specifications/rack-1.5.2.gemspec
I, [2014-09-26T13:41:06.928376 #10028]  INFO -- : 0:  bundler (1.5.1) from /usr/local/rvm/gems/ruby-2.1.0@global/specifications/bundler-1.5.1.gemspec
I, [2015-05-09T21:09:01.568827 #29492]  INFO -- : 0:  columnize (0.8.9) from /usr/local/rvm/gems/ruby-2.1.0@exercicios_resolvidos/specifications/columnize-0.8.9.gemspec
I, [2015-05-09T21:09:02.039253 #29492]  INFO -- : 0:  debugger-linecache (1.2.0) from /usr/local/rvm/gems/ruby-2.1.0@exercicios_resolvidos/specifications/debugger-linecache-1.2.0.gemspec
I, [2015-05-09T21:09:02.470917 #29492]  INFO -- : 0:  slop (3.6.0) from /usr/local/rvm/gems/ruby-2.1.0@exercicios_resolvidos/specifications/slop-3.6.0.gemspec
I, [2015-05-09T21:09:04.339062 #29492]  INFO -- : 0:  byebug (3.4.2) from /usr/local/rvm/gems/ruby-2.1.0@exercicios_resolvidos/specifications/byebug-3.4.2.gemspec
I, [2015-05-09T21:09:04.469199 #29492]  INFO -- : 0:  latex_to_png (0.0.1) from /usr/local/rvm/gems/ruby-2.1.0@exercicios_resolvidos/bundler/gems/latex_to_png-ee20acf49f24/latex_to_png.gemspec
I, [2015-05-09T21:09:05.052608 #29492]  INFO -- : 0:  rack (1.5.2) from /usr/local/rvm/gems/ruby-2.1.0@exercicios_resolvidos/specifications/rack-1.5.2.gemspec
I, [2015-05-09T21:09:05.053393 #29492]  INFO -- : 0:  bundler (1.5.1) from /usr/local/rvm/gems/ruby-2.1.0@global/specifications/bundler-1.5.1.gemspec
I, [2015-05-09T21:12:13.821986 #29851]  INFO -- : 0:  columnize (0.8.9) from /usr/local/rvm/gems/ruby-2.1.0@latex_server/specifications/columnize-0.8.9.gemspec
I, [2015-05-09T21:12:14.285369 #29851]  INFO -- : 0:  debugger-linecache (1.2.0) from /usr/local/rvm/gems/ruby-2.1.0@latex_server/specifications/debugger-linecache-1.2.0.gemspec
I, [2015-05-09T21:12:14.762870 #29851]  INFO -- : 0:  slop (3.6.0) from /usr/local/rvm/gems/ruby-2.1.0@latex_server/specifications/slop-3.6.0.gemspec
I, [2015-05-09T21:12:16.650974 #29851]  INFO -- : 0:  byebug (3.4.2) from /usr/local/rvm/gems/ruby-2.1.0@latex_server/specifications/byebug-3.4.2.gemspec
I, [2015-05-09T21:12:16.778947 #29851]  INFO -- : 0:  latex_to_png (0.0.1) from /usr/local/rvm/gems/ruby-2.1.0@latex_server/bundler/gems/latex_to_png-ee20acf49f24/latex_to_png.gemspec
I, [2015-05-09T21:12:17.298886 #29851]  INFO -- : 0:  rack (1.5.2) from /usr/local/rvm/gems/ruby-2.1.0@latex_server/specifications/rack-1.5.2.gemspec
I, [2015-05-09T21:12:17.299388 #29851]  INFO -- : 0:  bundler (1.5.1) from /usr/local/rvm/gems/ruby-2.1.0@global/specifications/bundler-1.5.1.gemspec
I, [2015-05-09T21:14:16.578765 #30053]  INFO -- : 0:  columnize (0.8.9) from /usr/local/rvm/gems/ruby-2.1.0@latex_server/specifications/columnize-0.8.9.gemspec
I, [2015-05-09T21:14:16.579311 #30053]  INFO -- : 0:  debugger-linecache (1.2.0) from /usr/local/rvm/gems/ruby-2.1.0@latex_server/specifications/debugger-linecache-1.2.0.gemspec
I, [2015-05-09T21:14:16.579705 #30053]  INFO -- : 0:  slop (3.6.0) from /usr/local/rvm/gems/ruby-2.1.0@latex_server/specifications/slop-3.6.0.gemspec
I, [2015-05-09T21:14:16.580108 #30053]  INFO -- : 0:  byebug (3.4.2) from /usr/local/rvm/gems/ruby-2.1.0@latex_server/specifications/byebug-3.4.2.gemspec
I, [2015-05-09T21:14:16.735967 #30053]  INFO -- : 0:  latex_to_png (0.0.1) from /usr/local/rvm/gems/ruby-2.1.0@latex_server/bundler/gems/latex_to_png-ee20acf49f24/latex_to_png.gemspec
I, [2015-05-09T21:14:16.736541 #30053]  INFO -- : 0:  rack (1.5.2) from /usr/local/rvm/gems/ruby-2.1.0@latex_server/specifications/rack-1.5.2.gemspec
I, [2015-05-09T21:14:16.736945 #30053]  INFO -- : 0:  bundler (1.5.1) from /usr/local/rvm/gems/ruby-2.1.0@global/specifications/bundler-1.5.1.gemspec
I, [2015-05-09T21:19:32.943520 #30249]  INFO -- : 0:  columnize (0.8.9) from /usr/local/rvm/gems/ruby-2.1.0@latex_server/specifications/columnize-0.8.9.gemspec
I, [2015-05-09T21:19:32.944168 #30249]  INFO -- : 0:  debugger-linecache (1.2.0) from /usr/local/rvm/gems/ruby-2.1.0@latex_server/specifications/debugger-linecache-1.2.0.gemspec
I, [2015-05-09T21:19:32.944652 #30249]  INFO -- : 0:  slop (3.6.0) from /usr/local/rvm/gems/ruby-2.1.0@latex_server/specifications/slop-3.6.0.gemspec
I, [2015-05-09T21:19:32.945089 #30249]  INFO -- : 0:  byebug (3.4.2) from /usr/local/rvm/gems/ruby-2.1.0@latex_server/specifications/byebug-3.4.2.gemspec
I, [2015-05-09T21:19:36.050528 #30249]  INFO -- : 0:  latex_to_png (0.0.1) from /usr/local/rvm/gems/ruby-2.1.0@latex_server/specifications/latex_to_png-0.0.1.gemspec
I, [2015-05-09T21:19:36.051187 #30249]  INFO -- : 0:  rack (1.5.2) from /usr/local/rvm/gems/ruby-2.1.0@latex_server/specifications/rack-1.5.2.gemspec
I, [2015-05-09T21:19:36.051606 #30249]  INFO -- : 0:  bundler (1.5.1) from /usr/local/rvm/gems/ruby-2.1.0@global/specifications/bundler-1.5.1.gemspec
